[2026-04-07T15:00:41+0300] [INFO]  === Phase 1: Packages and version control ===
Hit:1 http://ke.archive.ubuntu.com/ubuntu noble InRelease
Hit:2 http://ke.archive.ubuntu.com/ubuntu noble-updates InRelease
Hit:3 https://linux.teamviewer.com/deb stable InRelease
Hit:4 https://brave-browser-apt-release.s3.brave.com stable InRelease
Hit:5 http://ke.archive.ubuntu.com/ubuntu noble-backports InRelease
Hit:6 https://download.docker.com/linux/ubuntu jammy InRelease
Hit:7 http://repo.mysql.com/apt/ubuntu jammy InRelease
Hit:8 https://packages.microsoft.com/repos/code stable InRelease
Hit:9 http://security.ubuntu.com/ubuntu noble-security InRelease
Hit:10 https://dl.google.com/linux/chrome/deb stable InRelease
Reading package lists...
Reading package lists...
Building dependency tree...
Reading state information...
acl is already the newest version (2.3.2-1build1.1).
ufw is already the newest version (0.36.2-6).
nginx is already the newest version (1.24.0-2ubuntu7.6).
nodejs is already the newest version (18.19.1+dfsg-6ubuntu5).
logrotate is already the newest version (3.21.0-2build1).
jq is already the newest version (1.7.1-3ubuntu0.24.04.1).
curl is already the newest version (8.5.0-2ubuntu10.8).
0 upgraded, 0 newly installed, 0 to remove and 3 not upgraded.
[2026-04-07T15:00:44+0300] [INFO]  Installed nginx version: 1.24.0-2ubuntu7.6
[2026-04-07T15:00:44+0300] [INFO]  Installed nodejs version: 18.19.1+dfsg-6ubuntu5
[2026-04-07T15:00:44+0300] [INFO]  Held nginx and nodejs against drift
[2026-04-07T15:00:44+0300] [INFO]  === Phase 2: Service identities ===
[2026-04-07T15:00:44+0300] [INFO]  Already exists: group kijanikiosk
[2026-04-07T15:00:44+0300] [INFO]  Already exists: user kk-api
[2026-04-07T15:00:44+0300] [INFO]  Already exists: user kk-payments
[2026-04-07T15:00:44+0300] [INFO]  Already exists: user kk-logs
[2026-04-07T15:00:44+0300] [INFO]  User kk-api already in group kijanikiosk
[2026-04-07T15:00:44+0300] [INFO]  User kk-payments already in group kijanikiosk
[2026-04-07T15:00:44+0300] [INFO]  User kk-logs already in group kijanikiosk
[2026-04-07T15:00:44+0300] [INFO]  User vodca already in group kijanikiosk
[2026-04-07T15:00:44+0300] [INFO]  === Phase 3: Filesystem, permissions, ACLs ===
[2026-04-07T15:00:44+0300] [INFO]  No change: /opt/kijanikiosk/config/db.env
[2026-04-07T15:00:44+0300] [INFO]  No change: /opt/kijanikiosk/config/api.env
[2026-04-07T15:00:45+0300] [INFO]  No change: /opt/kijanikiosk/config/payments-api.env
[2026-04-07T15:00:45+0300] [INFO]  === Phase 4: systemd units ===
[2026-04-07T15:00:45+0300] [INFO]  No change: /etc/systemd/system/kk-api.service
[2026-04-07T15:00:45+0300] [INFO]  No change: /etc/systemd/system/kk-payments.service
[2026-04-07T15:00:45+0300] [INFO]  No change: /etc/systemd/system/kk-logs.service
[2026-04-07T15:00:45+0300] [INFO]  === Phase 5: Firewall intent ===
Backing up 'user.rules' to '/etc/ufw/user.rules.20260407_150048'
Backing up 'before.rules' to '/etc/ufw/before.rules.20260407_150048'
Backing up 'after.rules' to '/etc/ufw/after.rules.20260407_150048'
Backing up 'user6.rules' to '/etc/ufw/user6.rules.20260407_150048'
Backing up 'before6.rules' to '/etc/ufw/before6.rules.20260407_150048'
Backing up 'after6.rules' to '/etc/ufw/after6.rules.20260407_150048'

Default incoming policy changed to 'deny'
(be sure to update your rules accordingly)
Default outgoing policy changed to 'allow'
(be sure to update your rules accordingly)
Rules updated
Rules updated (v6)
Rules updated
Rules updated (v6)
Rules updated
Rules updated (v6)
Rules updated
Rules updated
Rules updated (v6)
Firewall is active and enabled on system startup
Firewall reloaded
[2026-04-07T15:00:52+0300] [INFO]  === Phase 6: Restricted sudoers policy ===
[2026-04-07T15:00:52+0300] [INFO]  === Phase 7: Journal persistence and log rotation ===
[2026-04-07T15:00:52+0300] [INFO]  No change: /etc/systemd/journald.conf.d/kijanikiosk-persistent.conf
[2026-04-07T15:00:52+0300] [INFO]  No change: /etc/logrotate.d/kijanikiosk
warning: logrotate in debug mode does nothing except printing debug messages!  Consider using verbose mode (-v) instead if this is not what you want.

reading config file /etc/logrotate.d/kijanikiosk
Reading state from file: /var/lib/logrotate/status
Allocating hash table for state file, size 64 entries
Creating new state
Creating new state
Creating new state
Creating new state
Creating new state
Creating new state
Creating new state
Creating new state
Creating new state
Creating new state
Creating new state
Creating new state
Creating new state
Creating new state
Creating new state
Creating new state
Creating new state
Creating new state
Creating new state
Creating new state
Creating new state
Creating new state
Creating new state
Creating new state
Creating new state
Creating new state
Creating new state
Creating new state
Creating new state
Creating new state
Creating new state
Creating new state
Creating new state
Creating new state
Creating new state
Creating new state

Handling 1 logs

rotating pattern: /opt/kijanikiosk/shared/logs/*.log  after 1 days (14 rotations)
empty log files are not rotated, old logs are removed
switching euid from 0 to 996 and egid from 0 to 1001 (pid 140362)
considering log /opt/kijanikiosk/shared/logs/payments-test.log
  Now: 2026-04-07 15:00
  Last rotated at 2026-04-07 14:00
  log does not need rotating (log has been rotated at 2026-04-07 14:00, which is less than a day ago)
not running postrotate script, since no logs were rotated
switching euid from 996 to 0 and egid from 1001 to 0 (pid 140362)
[2026-04-07T15:00:52+0300] [INFO]  logrotate debug passed
[2026-04-07T15:00:52+0300] [INFO]  === Phase 8: Monitoring health checks ===
[2026-04-07T15:00:52+0300] [INFO]  Wrote /opt/kijanikiosk/health/last-provision.json
[2026-04-07T15:00:52+0300] [INFO]  === Final verification ===
[2026-04-07T15:00:52+0300] [PASS]  nginx pinned version correct
[2026-04-07T15:00:52+0300] [PASS]  nodejs pinned version correct
[2026-04-07T15:00:52+0300] [PASS]  nginx held
[2026-04-07T15:00:52+0300] [PASS]  nodejs held
[2026-04-07T15:00:52+0300] [PASS]  user kk-api exists
[2026-04-07T15:00:52+0300] [PASS]  user kk-payments exists
[2026-04-07T15:00:52+0300] [PASS]  user kk-logs exists
[2026-04-07T15:00:52+0300] [PASS]  group kijanikiosk exists
[2026-04-07T15:00:52+0300] [PASS]  kk-api can read db.env
[2026-04-07T15:00:52+0300] [PASS]  kk-api can write shared logs
[2026-04-07T15:00:52+0300] [PASS]  kk-payments can read shared logs directory
[2026-04-07T15:00:52+0300] [PASS]  kk-api unit installed
[2026-04-07T15:00:52+0300] [PASS]  kk-payments unit installed
[2026-04-07T15:00:52+0300] [PASS]  kk-logs unit installed
[2026-04-07T15:00:52+0300] [PASS]  kk-api enabled
[2026-04-07T15:00:52+0300] [PASS]  kk-payments enabled
[2026-04-07T15:00:52+0300] [PASS]  kk-logs enabled
[2026-04-07T15:00:52+0300] [PASS]  SSH allowed
[2026-04-07T15:00:52+0300] [PASS]  HTTP allowed
[2026-04-07T15:00:52+0300] [PASS]  port 3001 deny present
[2026-04-07T15:00:52+0300] [PASS]  monitoring CIDR allowed to 3001
[2026-04-07T15:00:52+0300] [PASS]  persistent journal directory exists
warning: logrotate in debug mode does nothing except printing debug messages!  Consider using verbose mode (-v) instead if this is not what you want.

reading config file /etc/logrotate.d/kijanikiosk
Reading state from file: /var/lib/logrotate/status
Allocating hash table for state file, size 64 entries
Creating new state
Creating new state
Creating new state
Creating new state
Creating new state
Creating new state
Creating new state
Creating new state
Creating new state
Creating new state
Creating new state
Creating new state
Creating new state
Creating new state
Creating new state
Creating new state
Creating new state
Creating new state
Creating new state
Creating new state
Creating new state
Creating new state
Creating new state
Creating new state
Creating new state
Creating new state
Creating new state
Creating new state
Creating new state
Creating new state
Creating new state
Creating new state
Creating new state
Creating new state
Creating new state
Creating new state

Handling 1 logs

rotating pattern: /opt/kijanikiosk/shared/logs/*.log  after 1 days (14 rotations)
empty log files are not rotated, old logs are removed
switching euid from 0 to 996 and egid from 0 to 1001 (pid 140470)
considering log /opt/kijanikiosk/shared/logs/payments-test.log
  Now: 2026-04-07 15:00
  Last rotated at 2026-04-07 14:00
  log does not need rotating (log has been rotated at 2026-04-07 14:00, which is less than a day ago)
not running postrotate script, since no logs were rotated
switching euid from 996 to 0 and egid from 1001 to 0 (pid 140470)
[2026-04-07T15:00:52+0300] [PASS]  logrotate debug clean
[2026-04-07T15:00:52+0300] [PASS]  kk-api can write after logrotate
[2026-04-07T15:00:52+0300] [PASS]  health JSON exists
[2026-04-07T15:00:52+0300] [PASS]  health JSON valid
[2026-04-07T15:00:52+0300] [PASS]  All verification checks passed.
