[2026-04-07T14:39:37+0300] [INFO]  === Phase 1: Packages and version control ===
Hit:1 http://ke.archive.ubuntu.com/ubuntu noble InRelease
Hit:2 http://ke.archive.ubuntu.com/ubuntu noble-updates InRelease
Hit:3 https://download.docker.com/linux/ubuntu jammy InRelease
Hit:4 http://ke.archive.ubuntu.com/ubuntu noble-backports InRelease
Hit:5 https://brave-browser-apt-release.s3.brave.com stable InRelease
Hit:6 https://linux.teamviewer.com/deb stable InRelease
Hit:7 http://repo.mysql.com/apt/ubuntu jammy InRelease
Hit:8 http://security.ubuntu.com/ubuntu noble-security InRelease
Hit:9 https://packages.microsoft.com/repos/code stable InRelease
Hit:10 https://dl.google.com/linux/chrome/deb stable InRelease
Reading package lists...
Reading package lists...
Building dependency tree...
Reading state information...
acl is already the newest version (2.3.2-1build1.1).
ufw is already the newest version (0.36.2-6).
nginx is already the newest version (1.24.0-2ubuntu7.6).
nodejs is already the newest version (18.19.1+dfsg-6ubuntu5).
logrotate is already the newest version (3.21.0-2build1).
jq is already the newest version (1.7.1-3ubuntu0.24.04.1).
curl is already the newest version (8.5.0-2ubuntu10.8).
0 upgraded, 0 newly installed, 0 to remove and 3 not upgraded.
[2026-04-07T14:39:41+0300] [INFO]  Installed nginx version: 1.24.0-2ubuntu7.6
[2026-04-07T14:39:41+0300] [INFO]  Installed nodejs version: 18.19.1+dfsg-6ubuntu5
[2026-04-07T14:39:41+0300] [INFO]  Held nginx and nodejs against drift
[2026-04-07T14:39:41+0300] [INFO]  === Phase 2: Service identities ===
[2026-04-07T14:39:41+0300] [INFO]  Already exists: group kijanikiosk
[2026-04-07T14:39:41+0300] [INFO]  Already exists: user kk-api
[2026-04-07T14:39:41+0300] [INFO]  Already exists: user kk-payments
[2026-04-07T14:39:41+0300] [INFO]  Already exists: user kk-logs
[2026-04-07T14:39:41+0300] [INFO]  User kk-api already in group kijanikiosk
[2026-04-07T14:39:41+0300] [INFO]  User kk-payments already in group kijanikiosk
[2026-04-07T14:39:41+0300] [INFO]  User kk-logs already in group kijanikiosk
[2026-04-07T14:39:41+0300] [INFO]  User vodca already in group kijanikiosk
[2026-04-07T14:39:41+0300] [INFO]  === Phase 3: Filesystem, permissions, ACLs ===
[2026-04-07T14:39:41+0300] [INFO]  Wrote /opt/kijanikiosk/config/db.env
[2026-04-07T14:39:41+0300] [INFO]  Wrote /opt/kijanikiosk/config/api.env
[2026-04-07T14:39:41+0300] [INFO]  Wrote /opt/kijanikiosk/config/payments-api.env
[2026-04-07T14:39:41+0300] [INFO]  === Phase 4: systemd units ===
[2026-04-07T14:39:41+0300] [INFO]  Wrote /etc/systemd/system/kk-api.service
[2026-04-07T14:39:41+0300] [INFO]  Wrote /etc/systemd/system/kk-payments.service
[2026-04-07T14:39:41+0300] [INFO]  Wrote /etc/systemd/system/kk-logs.service
Created symlink /etc/systemd/system/multi-user.target.wants/kk-api.service → /etc/systemd/system/kk-api.service.
Created symlink /etc/systemd/system/multi-user.target.wants/kk-payments.service → /etc/systemd/system/kk-payments.service.
Created symlink /etc/systemd/system/multi-user.target.wants/kk-logs.service → /etc/systemd/system/kk-logs.service.
[2026-04-07T14:39:42+0300] [INFO]  === Phase 5: Firewall intent ===
Backing up 'user.rules' to '/etc/ufw/user.rules.20260407_143945'
Backing up 'before.rules' to '/etc/ufw/before.rules.20260407_143945'
Backing up 'after.rules' to '/etc/ufw/after.rules.20260407_143945'
Backing up 'user6.rules' to '/etc/ufw/user6.rules.20260407_143945'
Backing up 'before6.rules' to '/etc/ufw/before6.rules.20260407_143945'
Backing up 'after6.rules' to '/etc/ufw/after6.rules.20260407_143945'

Default incoming policy changed to 'deny'
(be sure to update your rules accordingly)
Default outgoing policy changed to 'allow'
(be sure to update your rules accordingly)
Rules updated
Rules updated (v6)
Rules updated
Rules updated (v6)
Rules updated
Rules updated (v6)
Rules updated
Rules updated
Rules updated (v6)
Firewall is active and enabled on system startup
Firewall reloaded
[2026-04-07T14:39:49+0300] [INFO]  === Phase 6: Restricted sudoers policy ===
[2026-04-07T14:39:49+0300] [INFO]  === Phase 7: Journal persistence and log rotation ===
[2026-04-07T14:39:49+0300] [INFO]  Wrote /etc/systemd/journald.conf.d/kijanikiosk-persistent.conf
[2026-04-07T14:39:49+0300] [INFO]  Wrote /etc/logrotate.d/kijanikiosk
warning: logrotate in debug mode does nothing except printing debug messages!  Consider using verbose mode (-v) instead if this is not what you want.

reading config file /etc/logrotate.d/kijanikiosk
Reading state from file: /var/lib/logrotate/status
Allocating hash table for state file, size 64 entries
Creating new state
Creating new state
Creating new state
Creating new state
Creating new state
Creating new state
Creating new state
Creating new state
Creating new state
Creating new state
Creating new state
Creating new state
Creating new state
Creating new state
Creating new state
Creating new state
Creating new state
Creating new state
Creating new state
Creating new state
Creating new state
Creating new state
Creating new state
Creating new state
Creating new state
Creating new state
Creating new state
Creating new state
Creating new state
Creating new state
Creating new state
Creating new state
Creating new state
Creating new state
Creating new state
Creating new state
Creating new state
Creating new state
Creating new state

Handling 1 logs

rotating pattern: /opt/kijanikiosk/shared/logs/*.log  after 1 days (14 rotations)
empty log files are not rotated, old logs are removed
considering log /opt/kijanikiosk/shared/logs/*.log
error: skipping "/opt/kijanikiosk/shared/logs/*.log" because parent directory has insecure permissions (It's world writable or writable by group which is not "root") Set "su" directive in config file to tell logrotate which user/group should be used for rotation.
Creating new state
